2022-10-12 14:43:26,953 [Worker-6] INFO  o.e.m.c.i.l.LifecycleMappingFactory - Using org.eclipse.m2e.jdt.JarLifecycleMapping lifecycle mapping for MavenProject: com.euronet.main:01_Mockito_Employee:0.0.1-SNAPSHOT @ C:\Users\nsajekar\Downloads\01_Mockito_Employee\01_Mockito_Employee\pom.xml.
2022-10-12 14:43:34,186 [Worker-6] INFO  o.e.m.j.i.AbstractJavaProjectConfigurator - Adding source folder /01_Mockito_Employee/src/main/java
2022-10-12 14:43:34,186 [Worker-6] INFO  o.e.m.j.i.AbstractJavaProjectConfigurator - Adding resource folder /01_Mockito_Employee/src/main/resources
2022-10-12 14:43:34,208 [Worker-6] INFO  o.e.m.j.i.AbstractJavaProjectConfigurator - Adding resource folder /01_Mockito_Employee/src/main/resources
2022-10-12 14:43:34,240 [Worker-6] INFO  o.e.m.j.i.AbstractJavaProjectConfigurator - Adding source folder /01_Mockito_Employee/src/test/java
2022-10-12 14:43:35,811 [Worker-9] INFO  o.e.m.c.i.l.LifecycleMappingFactory - Using org.eclipse.m2e.jdt.JarLifecycleMapping lifecycle mapping for MavenProject: com.euronet.main:01_Mockito_Employee:0.0.1-SNAPSHOT @ C:\Users\nsajekar\Downloads\01_Mockito_Employee\01_Mockito_Employee\pom.xml.
2022-10-12 14:43:37,907 [Worker-6] INFO  o.e.m.c.i.p.ProjectConfigurationManager - Imported and configured 1 project(s) in 16 sec
2022-10-12 14:43:41,112 [Worker-6] INFO  o.e.m.c.i.l.LifecycleMappingFactory - Using org.eclipse.m2e.jdt.JarLifecycleMapping lifecycle mapping for MavenProject: com.euronet.main:01_Mockito_Employee:0.0.1-SNAPSHOT @ C:\Users\nsajekar\Downloads\01_Mockito_Employee\01_Mockito_Employee\pom.xml.
2022-10-12 14:43:44,319 [Worker-6] INFO  o.e.m.c.i.embedder.EclipseLogger - Using 'UTF-8' encoding to copy filtered resources.
2022-10-12 14:43:44,319 [Worker-6] INFO  o.e.m.c.i.embedder.EclipseLogger - Using 'UTF-8' encoding to copy filtered properties files.
2022-10-12 14:43:44,319 [Worker-6] INFO  o.e.m.c.i.embedder.EclipseLogger - Copying 1 resource
2022-10-12 14:43:44,388 [Worker-6] INFO  o.e.m.c.i.embedder.EclipseLogger - Copying 0 resource
2022-10-12 14:43:44,388 [Worker-6] INFO  o.e.m.c.i.embedder.EclipseLogger - Using 'UTF-8' encoding to copy filtered resources.
2022-10-12 14:43:44,388 [Worker-6] INFO  o.e.m.c.i.embedder.EclipseLogger - Using 'UTF-8' encoding to copy filtered properties files.
2022-10-12 14:43:44,388 [Worker-6] INFO  o.e.m.c.i.embedder.EclipseLogger - skip non existing resourceDirectory C:\Users\nsajekar\Downloads\01_Mockito_Employee\01_Mockito_Employee\src\test\resources
2022-10-12 14:43:47,368 [Worker-10] INFO  o.e.m.c.i.l.LifecycleMappingFactory - Using org.eclipse.m2e.jdt.JarLifecycleMapping lifecycle mapping for MavenProject: com.euronet.main:01_Mockito_Employee:0.0.1-SNAPSHOT @ C:\Users\nsajekar\Downloads\01_Mockito_Employee\01_Mockito_Employee\pom.xml.
2022-10-12 14:43:53,716 [Worker-4] INFO  o.e.m.c.i.embedder.EclipseLogger - Using 'UTF-8' encoding to copy filtered resources.
2022-10-12 14:43:53,716 [Worker-4] INFO  o.e.m.c.i.embedder.EclipseLogger - Using 'UTF-8' encoding to copy filtered properties files.
2022-10-12 14:43:53,716 [Worker-4] INFO  o.e.m.c.i.embedder.EclipseLogger - Copying 0 resource
2022-10-12 14:43:53,716 [Worker-4] INFO  o.e.m.c.i.embedder.EclipseLogger - Copying 0 resource
2022-10-12 14:43:53,726 [Worker-4] INFO  o.e.m.c.i.embedder.EclipseLogger - Using 'UTF-8' encoding to copy filtered resources.
2022-10-12 14:43:53,726 [Worker-4] INFO  o.e.m.c.i.embedder.EclipseLogger - Using 'UTF-8' encoding to copy filtered properties files.
2022-10-12 14:43:53,726 [Worker-4] INFO  o.e.m.c.i.embedder.EclipseLogger - skip non existing resourceDirectory C:\Users\nsajekar\Downloads\01_Mockito_Employee\01_Mockito_Employee\src\test\resources
2022-10-12 14:43:59,785 [Worker-8] INFO  o.e.m.c.i.l.LifecycleMappingFactory - Using org.eclipse.m2e.jdt.JarLifecycleMapping lifecycle mapping for MavenProject: com.euronet.main:01_Mockito_Employee:0.0.1-SNAPSHOT @ C:\Users\nsajekar\Downloads\01_Mockito_Employee\01_Mockito_Employee\pom.xml.
2022-10-12 14:44:02,344 [Worker-8] INFO  o.e.m.c.i.embedder.EclipseLogger - Using 'UTF-8' encoding to copy filtered resources.
2022-10-12 14:44:02,344 [Worker-8] INFO  o.e.m.c.i.embedder.EclipseLogger - Using 'UTF-8' encoding to copy filtered properties files.
2022-10-12 14:44:02,344 [Worker-8] INFO  o.e.m.c.i.embedder.EclipseLogger - Copying 1 resource
2022-10-12 14:44:02,360 [Worker-8] INFO  o.e.m.c.i.embedder.EclipseLogger - Copying 0 resource
2022-10-12 14:44:02,360 [Worker-8] INFO  o.e.m.c.i.embedder.EclipseLogger - Using 'UTF-8' encoding to copy filtered resources.
2022-10-12 14:44:02,360 [Worker-8] INFO  o.e.m.c.i.embedder.EclipseLogger - Using 'UTF-8' encoding to copy filtered properties files.
2022-10-12 14:44:02,360 [Worker-8] INFO  o.e.m.c.i.embedder.EclipseLogger - skip non existing resourceDirectory C:\Users\nsajekar\Downloads\01_Mockito_Employee\01_Mockito_Employee\src\test\resources
2022-10-12 14:44:20,547 [Worker-8] INFO  o.e.m.c.i.embedder.EclipseLogger - Using 'UTF-8' encoding to copy filtered resources.
2022-10-12 14:44:20,547 [Worker-8] INFO  o.e.m.c.i.embedder.EclipseLogger - Using 'UTF-8' encoding to copy filtered properties files.
2022-10-12 14:44:20,547 [Worker-8] INFO  o.e.m.c.i.embedder.EclipseLogger - Copying 1 resource
2022-10-12 14:44:20,563 [Worker-8] INFO  o.e.m.c.i.embedder.EclipseLogger - Copying 0 resource
2022-10-12 14:44:20,563 [Worker-8] INFO  o.e.m.c.i.embedder.EclipseLogger - Using 'UTF-8' encoding to copy filtered resources.
2022-10-12 14:44:20,563 [Worker-8] INFO  o.e.m.c.i.embedder.EclipseLogger - Using 'UTF-8' encoding to copy filtered properties files.
2022-10-12 14:44:20,563 [Worker-8] INFO  o.e.m.c.i.embedder.EclipseLogger - skip non existing resourceDirectory C:\Users\nsajekar\Downloads\01_Mockito_Employee\01_Mockito_Employee\src\test\resources
2022-10-12 14:48:36,415 [Worker-12] INFO  o.e.m.c.i.embedder.EclipseLogger - Using 'UTF-8' encoding to copy filtered resources.
2022-10-12 14:48:36,415 [Worker-12] INFO  o.e.m.c.i.embedder.EclipseLogger - Using 'UTF-8' encoding to copy filtered properties files.
2022-10-12 14:48:36,415 [Worker-12] INFO  o.e.m.c.i.embedder.EclipseLogger - Copying 1 resource
2022-10-12 14:48:36,446 [Worker-12] INFO  o.e.m.c.i.embedder.EclipseLogger - Copying 0 resource
2022-10-12 14:48:36,461 [Worker-12] INFO  o.e.m.c.i.embedder.EclipseLogger - Using 'UTF-8' encoding to copy filtered resources.
2022-10-12 14:48:36,461 [Worker-12] INFO  o.e.m.c.i.embedder.EclipseLogger - Using 'UTF-8' encoding to copy filtered properties files.
2022-10-12 14:48:36,461 [Worker-12] INFO  o.e.m.c.i.embedder.EclipseLogger - skip non existing resourceDirectory C:\Users\nsajekar\Downloads\01_Mockito_Employee\01_Mockito_Employee\src\test\resources
2022-10-12 14:49:49,280 [Worker-4] INFO  o.e.m.c.i.embedder.EclipseLogger - Using 'UTF-8' encoding to copy filtered resources.
2022-10-12 14:49:49,280 [Worker-4] INFO  o.e.m.c.i.embedder.EclipseLogger - Using 'UTF-8' encoding to copy filtered properties files.
2022-10-12 14:49:49,280 [Worker-4] INFO  o.e.m.c.i.embedder.EclipseLogger - Copying 1 resource
2022-10-12 14:49:49,327 [Worker-4] INFO  o.e.m.c.i.embedder.EclipseLogger - Copying 0 resource
2022-10-12 14:49:49,332 [Worker-4] INFO  o.e.m.c.i.embedder.EclipseLogger - Using 'UTF-8' encoding to copy filtered resources.
2022-10-12 14:49:49,332 [Worker-4] INFO  o.e.m.c.i.embedder.EclipseLogger - Using 'UTF-8' encoding to copy filtered properties files.
2022-10-12 14:49:49,333 [Worker-4] INFO  o.e.m.c.i.embedder.EclipseLogger - skip non existing resourceDirectory C:\Users\nsajekar\Downloads\01_Mockito_Employee\01_Mockito_Employee\src\test\resources
2022-10-12 14:50:20,734 [Worker-13] INFO  o.e.m.c.i.embedder.EclipseLogger - Using 'UTF-8' encoding to copy filtered resources.
2022-10-12 14:50:20,734 [Worker-13] INFO  o.e.m.c.i.embedder.EclipseLogger - Using 'UTF-8' encoding to copy filtered properties files.
2022-10-12 14:50:20,734 [Worker-13] INFO  o.e.m.c.i.embedder.EclipseLogger - Copying 1 resource
2022-10-12 14:50:20,765 [Worker-13] INFO  o.e.m.c.i.embedder.EclipseLogger - Copying 0 resource
2022-10-12 14:50:20,765 [Worker-13] INFO  o.e.m.c.i.embedder.EclipseLogger - Using 'UTF-8' encoding to copy filtered resources.
2022-10-12 14:50:20,765 [Worker-13] INFO  o.e.m.c.i.embedder.EclipseLogger - Using 'UTF-8' encoding to copy filtered properties files.
2022-10-12 14:50:20,765 [Worker-13] INFO  o.e.m.c.i.embedder.EclipseLogger - skip non existing resourceDirectory C:\Users\nsajekar\Downloads\01_Mockito_Employee\01_Mockito_Employee\src\test\resources
2022-10-12 14:52:00,165 [Worker-9] INFO  o.e.m.c.i.embedder.EclipseLogger - Using 'UTF-8' encoding to copy filtered resources.
2022-10-12 14:52:00,165 [Worker-9] INFO  o.e.m.c.i.embedder.EclipseLogger - Using 'UTF-8' encoding to copy filtered properties files.
2022-10-12 14:52:00,176 [Worker-9] INFO  o.e.m.c.i.embedder.EclipseLogger - Copying 1 resource
2022-10-12 14:52:00,267 [Worker-9] INFO  o.e.m.c.i.embedder.EclipseLogger - Copying 0 resource
2022-10-12 14:52:00,275 [Worker-9] INFO  o.e.m.c.i.embedder.EclipseLogger - Using 'UTF-8' encoding to copy filtered resources.
2022-10-12 14:52:00,275 [Worker-9] INFO  o.e.m.c.i.embedder.EclipseLogger - Using 'UTF-8' encoding to copy filtered properties files.
2022-10-12 14:52:00,275 [Worker-9] INFO  o.e.m.c.i.embedder.EclipseLogger - skip non existing resourceDirectory C:\Users\nsajekar\Downloads\01_Mockito_Employee\01_Mockito_Employee\src\test\resources
2022-10-12 14:53:23,170 [Worker-12] INFO  o.e.m.c.i.embedder.EclipseLogger - Using 'UTF-8' encoding to copy filtered resources.
2022-10-12 14:53:23,170 [Worker-12] INFO  o.e.m.c.i.embedder.EclipseLogger - Using 'UTF-8' encoding to copy filtered properties files.
2022-10-12 14:53:23,170 [Worker-12] INFO  o.e.m.c.i.embedder.EclipseLogger - Copying 1 resource
2022-10-12 14:53:23,219 [Worker-12] INFO  o.e.m.c.i.embedder.EclipseLogger - Copying 0 resource
2022-10-12 14:53:23,219 [Worker-12] INFO  o.e.m.c.i.embedder.EclipseLogger - Using 'UTF-8' encoding to copy filtered resources.
2022-10-12 14:53:23,219 [Worker-12] INFO  o.e.m.c.i.embedder.EclipseLogger - Using 'UTF-8' encoding to copy filtered properties files.
2022-10-12 14:53:23,219 [Worker-12] INFO  o.e.m.c.i.embedder.EclipseLogger - skip non existing resourceDirectory C:\Users\nsajekar\Downloads\01_Mockito_Employee\01_Mockito_Employee\src\test\resources
2022-10-12 14:54:04,728 [Worker-4] INFO  o.e.m.c.i.embedder.EclipseLogger - Using 'UTF-8' encoding to copy filtered resources.
2022-10-12 14:54:04,728 [Worker-4] INFO  o.e.m.c.i.embedder.EclipseLogger - Using 'UTF-8' encoding to copy filtered properties files.
2022-10-12 14:54:04,728 [Worker-4] INFO  o.e.m.c.i.embedder.EclipseLogger - Copying 1 resource
2022-10-12 14:54:04,786 [Worker-4] INFO  o.e.m.c.i.embedder.EclipseLogger - Copying 0 resource
2022-10-12 14:54:04,788 [Worker-4] INFO  o.e.m.c.i.embedder.EclipseLogger - Using 'UTF-8' encoding to copy filtered resources.
2022-10-12 14:54:04,788 [Worker-4] INFO  o.e.m.c.i.embedder.EclipseLogger - Using 'UTF-8' encoding to copy filtered properties files.
2022-10-12 14:54:04,788 [Worker-4] INFO  o.e.m.c.i.embedder.EclipseLogger - skip non existing resourceDirectory C:\Users\nsajekar\Downloads\01_Mockito_Employee\01_Mockito_Employee\src\test\resources
2022-10-12 14:57:18,550 [Worker-13] INFO  o.e.m.c.i.embedder.EclipseLogger - Using 'UTF-8' encoding to copy filtered resources.
2022-10-12 14:57:18,550 [Worker-13] INFO  o.e.m.c.i.embedder.EclipseLogger - Using 'UTF-8' encoding to copy filtered properties files.
2022-10-12 14:57:18,550 [Worker-13] INFO  o.e.m.c.i.embedder.EclipseLogger - Copying 1 resource
2022-10-12 14:57:18,566 [Worker-13] INFO  o.e.m.c.i.embedder.EclipseLogger - Copying 0 resource
2022-10-12 14:57:18,566 [Worker-13] INFO  o.e.m.c.i.embedder.EclipseLogger - Using 'UTF-8' encoding to copy filtered resources.
2022-10-12 14:57:18,566 [Worker-13] INFO  o.e.m.c.i.embedder.EclipseLogger - Using 'UTF-8' encoding to copy filtered properties files.
2022-10-12 14:57:18,566 [Worker-13] INFO  o.e.m.c.i.embedder.EclipseLogger - skip non existing resourceDirectory C:\Users\nsajekar\Downloads\01_Mockito_Employee\01_Mockito_Employee\src\test\resources
2022-10-12 14:57:24,604 [Worker-4] INFO  o.e.m.c.i.embedder.EclipseLogger - Using 'UTF-8' encoding to copy filtered resources.
2022-10-12 14:57:24,604 [Worker-4] INFO  o.e.m.c.i.embedder.EclipseLogger - Using 'UTF-8' encoding to copy filtered properties files.
2022-10-12 14:57:24,604 [Worker-4] INFO  o.e.m.c.i.embedder.EclipseLogger - Copying 1 resource
2022-10-12 14:57:24,654 [Worker-4] INFO  o.e.m.c.i.embedder.EclipseLogger - Copying 0 resource
2022-10-12 14:57:24,654 [Worker-4] INFO  o.e.m.c.i.embedder.EclipseLogger - Using 'UTF-8' encoding to copy filtered resources.
2022-10-12 14:57:24,654 [Worker-4] INFO  o.e.m.c.i.embedder.EclipseLogger - Using 'UTF-8' encoding to copy filtered properties files.
2022-10-12 14:57:24,654 [Worker-4] INFO  o.e.m.c.i.embedder.EclipseLogger - skip non existing resourceDirectory C:\Users\nsajekar\Downloads\01_Mockito_Employee\01_Mockito_Employee\src\test\resources
2022-10-12 14:58:33,234 [Worker-16] INFO  o.e.m.c.i.embedder.EclipseLogger - Using 'UTF-8' encoding to copy filtered resources.
2022-10-12 14:58:33,234 [Worker-16] INFO  o.e.m.c.i.embedder.EclipseLogger - Using 'UTF-8' encoding to copy filtered properties files.
2022-10-12 14:58:33,234 [Worker-16] INFO  o.e.m.c.i.embedder.EclipseLogger - Copying 1 resource
2022-10-12 14:58:33,263 [Worker-16] INFO  o.e.m.c.i.embedder.EclipseLogger - Copying 0 resource
2022-10-12 14:58:33,265 [Worker-16] INFO  o.e.m.c.i.embedder.EclipseLogger - Using 'UTF-8' encoding to copy filtered resources.
2022-10-12 14:58:33,265 [Worker-16] INFO  o.e.m.c.i.embedder.EclipseLogger - Using 'UTF-8' encoding to copy filtered properties files.
2022-10-12 14:58:33,265 [Worker-16] INFO  o.e.m.c.i.embedder.EclipseLogger - skip non existing resourceDirectory C:\Users\nsajekar\Downloads\01_Mockito_Employee\01_Mockito_Employee\src\test\resources
2022-10-12 14:58:44,109 [Worker-15] INFO  o.e.m.c.i.embedder.EclipseLogger - Using 'UTF-8' encoding to copy filtered resources.
2022-10-12 14:58:44,109 [Worker-15] INFO  o.e.m.c.i.embedder.EclipseLogger - Using 'UTF-8' encoding to copy filtered properties files.
2022-10-12 14:58:44,109 [Worker-15] INFO  o.e.m.c.i.embedder.EclipseLogger - Copying 1 resource
2022-10-12 14:58:44,125 [Worker-15] INFO  o.e.m.c.i.embedder.EclipseLogger - Copying 0 resource
2022-10-12 14:58:44,125 [Worker-15] INFO  o.e.m.c.i.embedder.EclipseLogger - Using 'UTF-8' encoding to copy filtered resources.
2022-10-12 14:58:44,125 [Worker-15] INFO  o.e.m.c.i.embedder.EclipseLogger - Using 'UTF-8' encoding to copy filtered properties files.
2022-10-12 14:58:44,125 [Worker-15] INFO  o.e.m.c.i.embedder.EclipseLogger - skip non existing resourceDirectory C:\Users\nsajekar\Downloads\01_Mockito_Employee\01_Mockito_Employee\src\test\resources
2022-10-12 14:58:58,992 [Worker-4] INFO  o.e.m.c.i.embedder.EclipseLogger - Using 'UTF-8' encoding to copy filtered resources.
2022-10-12 14:58:58,992 [Worker-4] INFO  o.e.m.c.i.embedder.EclipseLogger - Using 'UTF-8' encoding to copy filtered properties files.
2022-10-12 14:58:58,992 [Worker-4] INFO  o.e.m.c.i.embedder.EclipseLogger - Copying 1 resource
2022-10-12 14:58:59,008 [Worker-4] INFO  o.e.m.c.i.embedder.EclipseLogger - Copying 0 resource
2022-10-12 14:58:59,008 [Worker-4] INFO  o.e.m.c.i.embedder.EclipseLogger - Using 'UTF-8' encoding to copy filtered resources.
2022-10-12 14:58:59,008 [Worker-4] INFO  o.e.m.c.i.embedder.EclipseLogger - Using 'UTF-8' encoding to copy filtered properties files.
2022-10-12 14:58:59,008 [Worker-4] INFO  o.e.m.c.i.embedder.EclipseLogger - skip non existing resourceDirectory C:\Users\nsajekar\Downloads\01_Mockito_Employee\01_Mockito_Employee\src\test\resources
2022-10-12 14:59:22,124 [Worker-4] INFO  o.e.m.c.i.embedder.EclipseLogger - Using 'UTF-8' encoding to copy filtered resources.
2022-10-12 14:59:22,124 [Worker-4] INFO  o.e.m.c.i.embedder.EclipseLogger - Using 'UTF-8' encoding to copy filtered properties files.
2022-10-12 14:59:22,124 [Worker-4] INFO  o.e.m.c.i.embedder.EclipseLogger - Copying 1 resource
2022-10-12 14:59:22,174 [Worker-4] INFO  o.e.m.c.i.embedder.EclipseLogger - Copying 0 resource
2022-10-12 14:59:22,182 [Worker-4] INFO  o.e.m.c.i.embedder.EclipseLogger - Using 'UTF-8' encoding to copy filtered resources.
2022-10-12 14:59:22,182 [Worker-4] INFO  o.e.m.c.i.embedder.EclipseLogger - Using 'UTF-8' encoding to copy filtered properties files.
2022-10-12 14:59:22,182 [Worker-4] INFO  o.e.m.c.i.embedder.EclipseLogger - skip non existing resourceDirectory C:\Users\nsajekar\Downloads\01_Mockito_Employee\01_Mockito_Employee\src\test\resources
2022-10-12 14:59:38,049 [Worker-12] INFO  o.e.m.c.i.embedder.EclipseLogger - Using 'UTF-8' encoding to copy filtered resources.
2022-10-12 14:59:38,049 [Worker-12] INFO  o.e.m.c.i.embedder.EclipseLogger - Using 'UTF-8' encoding to copy filtered properties files.
2022-10-12 14:59:38,049 [Worker-12] INFO  o.e.m.c.i.embedder.EclipseLogger - Copying 1 resource
2022-10-12 14:59:39,131 [Worker-12] INFO  o.e.m.c.i.embedder.EclipseLogger - Copying 0 resource
2022-10-12 14:59:39,131 [Worker-12] INFO  o.e.m.c.i.embedder.EclipseLogger - Using 'UTF-8' encoding to copy filtered resources.
2022-10-12 14:59:39,131 [Worker-12] INFO  o.e.m.c.i.embedder.EclipseLogger - Using 'UTF-8' encoding to copy filtered properties files.
2022-10-12 14:59:39,131 [Worker-12] INFO  o.e.m.c.i.embedder.EclipseLogger - skip non existing resourceDirectory C:\Users\nsajekar\Downloads\01_Mockito_Employee\01_Mockito_Employee\src\test\resources
2022-10-12 15:00:00,012 [Worker-16] INFO  o.e.m.c.i.embedder.EclipseLogger - Using 'UTF-8' encoding to copy filtered resources.
2022-10-12 15:00:00,012 [Worker-16] INFO  o.e.m.c.i.embedder.EclipseLogger - Using 'UTF-8' encoding to copy filtered properties files.
2022-10-12 15:00:00,027 [Worker-16] INFO  o.e.m.c.i.embedder.EclipseLogger - Copying 1 resource
2022-10-12 15:00:00,065 [Worker-16] INFO  o.e.m.c.i.embedder.EclipseLogger - Copying 0 resource
2022-10-12 15:00:00,065 [Worker-16] INFO  o.e.m.c.i.embedder.EclipseLogger - Using 'UTF-8' encoding to copy filtered resources.
2022-10-12 15:00:00,065 [Worker-16] INFO  o.e.m.c.i.embedder.EclipseLogger - Using 'UTF-8' encoding to copy filtered properties files.
2022-10-12 15:00:00,065 [Worker-16] INFO  o.e.m.c.i.embedder.EclipseLogger - skip non existing resourceDirectory C:\Users\nsajekar\Downloads\01_Mockito_Employee\01_Mockito_Employee\src\test\resources
2022-10-12 15:00:56,428 [Worker-4] INFO  o.e.m.c.i.embedder.EclipseLogger - Using 'UTF-8' encoding to copy filtered resources.
2022-10-12 15:00:56,428 [Worker-4] INFO  o.e.m.c.i.embedder.EclipseLogger - Using 'UTF-8' encoding to copy filtered properties files.
2022-10-12 15:00:56,428 [Worker-4] INFO  o.e.m.c.i.embedder.EclipseLogger - Copying 1 resource
2022-10-12 15:00:56,444 [Worker-4] INFO  o.e.m.c.i.embedder.EclipseLogger - Copying 0 resource
2022-10-12 15:00:56,444 [Worker-4] INFO  o.e.m.c.i.embedder.EclipseLogger - Using 'UTF-8' encoding to copy filtered resources.
2022-10-12 15:00:56,444 [Worker-4] INFO  o.e.m.c.i.embedder.EclipseLogger - Using 'UTF-8' encoding to copy filtered properties files.
2022-10-12 15:00:56,444 [Worker-4] INFO  o.e.m.c.i.embedder.EclipseLogger - skip non existing resourceDirectory C:\Users\nsajekar\Downloads\01_Mockito_Employee\01_Mockito_Employee\src\test\resources
2022-10-12 15:01:04,231 [Worker-15] INFO  o.e.m.c.i.embedder.EclipseLogger - Using 'UTF-8' encoding to copy filtered resources.
2022-10-12 15:01:04,231 [Worker-15] INFO  o.e.m.c.i.embedder.EclipseLogger - Using 'UTF-8' encoding to copy filtered properties files.
2022-10-12 15:01:04,231 [Worker-15] INFO  o.e.m.c.i.embedder.EclipseLogger - Copying 1 resource
2022-10-12 15:01:04,280 [Worker-15] INFO  o.e.m.c.i.embedder.EclipseLogger - Copying 0 resource
2022-10-12 15:01:04,282 [Worker-15] INFO  o.e.m.c.i.embedder.EclipseLogger - Using 'UTF-8' encoding to copy filtered resources.
2022-10-12 15:01:04,282 [Worker-15] INFO  o.e.m.c.i.embedder.EclipseLogger - Using 'UTF-8' encoding to copy filtered properties files.
2022-10-12 15:01:04,282 [Worker-15] INFO  o.e.m.c.i.embedder.EclipseLogger - skip non existing resourceDirectory C:\Users\nsajekar\Downloads\01_Mockito_Employee\01_Mockito_Employee\src\test\resources
2022-10-12 15:01:35,607 [Worker-9] INFO  o.e.m.c.i.embedder.EclipseLogger - Using 'UTF-8' encoding to copy filtered resources.
2022-10-12 15:01:35,607 [Worker-9] INFO  o.e.m.c.i.embedder.EclipseLogger - Using 'UTF-8' encoding to copy filtered properties files.
2022-10-12 15:01:35,607 [Worker-9] INFO  o.e.m.c.i.embedder.EclipseLogger - Copying 1 resource
2022-10-12 15:01:35,639 [Worker-9] INFO  o.e.m.c.i.embedder.EclipseLogger - Copying 0 resource
2022-10-12 15:01:35,639 [Worker-9] INFO  o.e.m.c.i.embedder.EclipseLogger - Using 'UTF-8' encoding to copy filtered resources.
2022-10-12 15:01:35,639 [Worker-9] INFO  o.e.m.c.i.embedder.EclipseLogger - Using 'UTF-8' encoding to copy filtered properties files.
2022-10-12 15:01:35,639 [Worker-9] INFO  o.e.m.c.i.embedder.EclipseLogger - skip non existing resourceDirectory C:\Users\nsajekar\Downloads\01_Mockito_Employee\01_Mockito_Employee\src\test\resources
2022-10-12 15:02:13,649 [Worker-13] INFO  o.e.m.c.i.embedder.EclipseLogger - Using 'UTF-8' encoding to copy filtered resources.
2022-10-12 15:02:13,649 [Worker-13] INFO  o.e.m.c.i.embedder.EclipseLogger - Using 'UTF-8' encoding to copy filtered properties files.
2022-10-12 15:02:13,649 [Worker-13] INFO  o.e.m.c.i.embedder.EclipseLogger - Copying 1 resource
2022-10-12 15:02:13,695 [Worker-13] INFO  o.e.m.c.i.embedder.EclipseLogger - Copying 0 resource
2022-10-12 15:02:13,695 [Worker-13] INFO  o.e.m.c.i.embedder.EclipseLogger - Using 'UTF-8' encoding to copy filtered resources.
2022-10-12 15:02:13,695 [Worker-13] INFO  o.e.m.c.i.embedder.EclipseLogger - Using 'UTF-8' encoding to copy filtered properties files.
2022-10-12 15:02:13,695 [Worker-13] INFO  o.e.m.c.i.embedder.EclipseLogger - skip non existing resourceDirectory C:\Users\nsajekar\Downloads\01_Mockito_Employee\01_Mockito_Employee\src\test\resources
2022-10-12 15:03:40,846 [Worker-17] INFO  o.e.m.c.i.embedder.EclipseLogger - Using 'UTF-8' encoding to copy filtered resources.
2022-10-12 15:03:40,861 [Worker-17] INFO  o.e.m.c.i.embedder.EclipseLogger - Using 'UTF-8' encoding to copy filtered properties files.
2022-10-12 15:03:40,861 [Worker-17] INFO  o.e.m.c.i.embedder.EclipseLogger - Copying 1 resource
2022-10-12 15:03:40,893 [Worker-17] INFO  o.e.m.c.i.embedder.EclipseLogger - Copying 0 resource
2022-10-12 15:03:40,893 [Worker-17] INFO  o.e.m.c.i.embedder.EclipseLogger - Using 'UTF-8' encoding to copy filtered resources.
2022-10-12 15:03:40,893 [Worker-17] INFO  o.e.m.c.i.embedder.EclipseLogger - Using 'UTF-8' encoding to copy filtered properties files.
2022-10-12 15:03:40,893 [Worker-17] INFO  o.e.m.c.i.embedder.EclipseLogger - skip non existing resourceDirectory C:\Users\nsajekar\Downloads\01_Mockito_Employee\01_Mockito_Employee\src\test\resources
2022-10-12 15:03:56,110 [Worker-4] INFO  o.e.m.c.i.embedder.EclipseLogger - Using 'UTF-8' encoding to copy filtered resources.
2022-10-12 15:03:56,110 [Worker-4] INFO  o.e.m.c.i.embedder.EclipseLogger - Using 'UTF-8' encoding to copy filtered properties files.
2022-10-12 15:03:56,110 [Worker-4] INFO  o.e.m.c.i.embedder.EclipseLogger - Copying 1 resource
2022-10-12 15:03:56,126 [Worker-4] INFO  o.e.m.c.i.embedder.EclipseLogger - Copying 0 resource
2022-10-12 15:03:56,142 [Worker-4] INFO  o.e.m.c.i.embedder.EclipseLogger - Using 'UTF-8' encoding to copy filtered resources.
2022-10-12 15:03:56,142 [Worker-4] INFO  o.e.m.c.i.embedder.EclipseLogger - Using 'UTF-8' encoding to copy filtered properties files.
2022-10-12 15:03:56,142 [Worker-4] INFO  o.e.m.c.i.embedder.EclipseLogger - skip non existing resourceDirectory C:\Users\nsajekar\Downloads\01_Mockito_Employee\01_Mockito_Employee\src\test\resources
2022-10-12 15:04:25,652 [Worker-9] INFO  o.e.m.c.i.embedder.EclipseLogger - Using 'UTF-8' encoding to copy filtered resources.
2022-10-12 15:04:25,652 [Worker-9] INFO  o.e.m.c.i.embedder.EclipseLogger - Using 'UTF-8' encoding to copy filtered properties files.
2022-10-12 15:04:25,668 [Worker-9] INFO  o.e.m.c.i.embedder.EclipseLogger - Copying 1 resource
2022-10-12 15:04:25,683 [Worker-9] INFO  o.e.m.c.i.embedder.EclipseLogger - Copying 0 resource
2022-10-12 15:04:25,699 [Worker-9] INFO  o.e.m.c.i.embedder.EclipseLogger - Using 'UTF-8' encoding to copy filtered resources.
2022-10-12 15:04:25,699 [Worker-9] INFO  o.e.m.c.i.embedder.EclipseLogger - Using 'UTF-8' encoding to copy filtered properties files.
2022-10-12 15:04:25,699 [Worker-9] INFO  o.e.m.c.i.embedder.EclipseLogger - skip non existing resourceDirectory C:\Users\nsajekar\Downloads\01_Mockito_Employee\01_Mockito_Employee\src\test\resources
2022-10-12 15:06:22,155 [Worker-15] INFO  o.e.m.c.i.embedder.EclipseLogger - Using 'UTF-8' encoding to copy filtered resources.
2022-10-12 15:06:22,155 [Worker-15] INFO  o.e.m.c.i.embedder.EclipseLogger - Using 'UTF-8' encoding to copy filtered properties files.
2022-10-12 15:06:22,171 [Worker-15] INFO  o.e.m.c.i.embedder.EclipseLogger - Copying 1 resource
2022-10-12 15:06:22,186 [Worker-15] INFO  o.e.m.c.i.embedder.EclipseLogger - Copying 0 resource
2022-10-12 15:06:22,202 [Worker-15] INFO  o.e.m.c.i.embedder.EclipseLogger - Using 'UTF-8' encoding to copy filtered resources.
2022-10-12 15:06:22,202 [Worker-15] INFO  o.e.m.c.i.embedder.EclipseLogger - Using 'UTF-8' encoding to copy filtered properties files.
2022-10-12 15:06:22,202 [Worker-15] INFO  o.e.m.c.i.embedder.EclipseLogger - skip non existing resourceDirectory C:\Users\nsajekar\Downloads\01_Mockito_Employee\01_Mockito_Employee\src\test\resources
2022-10-12 15:07:45,673 [Worker-18] INFO  o.e.m.c.i.embedder.EclipseLogger - Using 'UTF-8' encoding to copy filtered resources.
2022-10-12 15:07:45,673 [Worker-18] INFO  o.e.m.c.i.embedder.EclipseLogger - Using 'UTF-8' encoding to copy filtered properties files.
2022-10-12 15:07:45,673 [Worker-18] INFO  o.e.m.c.i.embedder.EclipseLogger - Copying 1 resource
2022-10-12 15:07:45,705 [Worker-18] INFO  o.e.m.c.i.embedder.EclipseLogger - Copying 0 resource
2022-10-12 15:07:45,705 [Worker-18] INFO  o.e.m.c.i.embedder.EclipseLogger - Using 'UTF-8' encoding to copy filtered resources.
2022-10-12 15:07:45,705 [Worker-18] INFO  o.e.m.c.i.embedder.EclipseLogger - Using 'UTF-8' encoding to copy filtered properties files.
2022-10-12 15:07:45,705 [Worker-18] INFO  o.e.m.c.i.embedder.EclipseLogger - skip non existing resourceDirectory C:\Users\nsajekar\Downloads\01_Mockito_Employee\01_Mockito_Employee\src\test\resources
2022-10-12 15:09:19,408 [Worker-15] INFO  o.e.m.c.i.embedder.EclipseLogger - Using 'UTF-8' encoding to copy filtered resources.
2022-10-12 15:09:19,408 [Worker-15] INFO  o.e.m.c.i.embedder.EclipseLogger - Using 'UTF-8' encoding to copy filtered properties files.
2022-10-12 15:09:19,408 [Worker-15] INFO  o.e.m.c.i.embedder.EclipseLogger - Copying 0 resource
2022-10-12 15:09:19,408 [Worker-15] INFO  o.e.m.c.i.embedder.EclipseLogger - Copying 0 resource
2022-10-12 15:09:19,408 [Worker-15] INFO  o.e.m.c.i.embedder.EclipseLogger - Using 'UTF-8' encoding to copy filtered resources.
2022-10-12 15:09:19,408 [Worker-15] INFO  o.e.m.c.i.embedder.EclipseLogger - Using 'UTF-8' encoding to copy filtered properties files.
2022-10-12 15:09:19,408 [Worker-15] INFO  o.e.m.c.i.embedder.EclipseLogger - skip non existing resourceDirectory C:\Users\nsajekar\Downloads\01_Mockito_Employee\01_Mockito_Employee\src\test\resources
2022-10-12 15:22:39,686 [Worker-6] INFO  o.e.m.i.launch.MavenLaunchDelegate - C:\Users\nsajekar\Downloads\01_Mockito_Employee\01_Mockito_Employee
2022-10-12 15:22:39,702 [Worker-6] INFO  o.e.m.i.launch.MavenLaunchDelegate -  mvn  -B test
2022-11-01 14:28:10,585 [Worker-8] INFO  o.e.m.c.i.l.LifecycleMappingFactory - Using org.eclipse.m2e.jdt.JarLifecycleMapping lifecycle mapping for MavenProject: com.euronet.main:01_Mockito_Employee:0.0.1-SNAPSHOT @ C:\Users\nsajekar\Downloads\01_Mockito_Employee\01_Mockito_Employee\pom.xml.
2022-11-01 14:28:17,825 [Worker-8] INFO  o.e.m.c.i.embedder.EclipseLogger - Using 'UTF-8' encoding to copy filtered resources.
2022-11-01 14:28:17,825 [Worker-8] INFO  o.e.m.c.i.embedder.EclipseLogger - Using 'UTF-8' encoding to copy filtered properties files.
2022-11-01 14:28:17,835 [Worker-8] INFO  o.e.m.c.i.embedder.EclipseLogger - Copying 1 resource
2022-11-01 14:28:17,884 [Worker-8] INFO  o.e.m.c.i.embedder.EclipseLogger - Copying 0 resource
2022-11-01 14:28:17,889 [Worker-8] INFO  o.e.m.c.i.embedder.EclipseLogger - Using 'UTF-8' encoding to copy filtered resources.
2022-11-01 14:28:17,889 [Worker-8] INFO  o.e.m.c.i.embedder.EclipseLogger - Using 'UTF-8' encoding to copy filtered properties files.
2022-11-01 14:28:17,889 [Worker-8] INFO  o.e.m.c.i.embedder.EclipseLogger - skip non existing resourceDirectory C:\Users\nsajekar\Downloads\01_Mockito_Employee\01_Mockito_Employee\src\test\resources
2022-11-01 14:28:22,319 [Worker-5] INFO  o.e.m.c.i.embedder.EclipseLogger - Using 'UTF-8' encoding to copy filtered resources.
2022-11-01 14:28:22,321 [Worker-5] INFO  o.e.m.c.i.embedder.EclipseLogger - Using 'UTF-8' encoding to copy filtered properties files.
2022-11-01 14:28:22,324 [Worker-5] INFO  o.e.m.c.i.embedder.EclipseLogger - Copying 0 resource
2022-11-01 14:28:22,324 [Worker-5] INFO  o.e.m.c.i.embedder.EclipseLogger - Copying 0 resource
2022-11-01 14:28:22,328 [Worker-5] INFO  o.e.m.c.i.embedder.EclipseLogger - Using 'UTF-8' encoding to copy filtered resources.
2022-11-01 14:28:22,328 [Worker-5] INFO  o.e.m.c.i.embedder.EclipseLogger - Using 'UTF-8' encoding to copy filtered properties files.
2022-11-01 14:28:22,328 [Worker-5] INFO  o.e.m.c.i.embedder.EclipseLogger - skip non existing resourceDirectory C:\Users\nsajekar\Downloads\01_Mockito_Employee\01_Mockito_Employee\src\test\resources
